0 info it worked if it ends with ok
1 verbose cli [ 'node',
1 verbose cli   '/usr/local/bin/npm',
1 verbose cli   'install',
1 verbose cli   '-g',
1 verbose cli   'gulp',
1 verbose cli   'webpack',
1 verbose cli   'gulp-webpack',
1 verbose cli   'browsersync' ]
2 info using npm@2.12.0
3 info using node@v0.12.5
4 verbose node symlink /usr/local/bin/node
5 verbose install initial load of /usr/local/lib/package.json
6 verbose readDependencies loading dependencies from /usr/local/lib/package.json
7 silly cache add args [ 'gulp', null ]
8 verbose cache add spec gulp
9 silly cache add args [ 'webpack', null ]
10 verbose cache add spec webpack
11 silly cache add args [ 'gulp-webpack', null ]
12 verbose cache add spec gulp-webpack
13 silly cache add args [ 'browsersync', null ]
14 verbose cache add spec browsersync
15 silly cache add parsed spec { raw: 'webpack',
15 silly cache add   scope: null,
15 silly cache add   name: 'webpack',
15 silly cache add   rawSpec: '',
15 silly cache add   spec: '*',
15 silly cache add   type: 'range' }
16 silly addNamed webpack@*
17 verbose addNamed "*" is a valid semver range for webpack
18 silly addNameRange { name: 'webpack', range: '*', hasData: false }
19 silly mapToRegistry name webpack
20 silly mapToRegistry using default registry
21 silly mapToRegistry registry https://registry.npmjs.org/
22 silly mapToRegistry uri https://registry.npmjs.org/webpack
23 verbose addNameRange registry:https://registry.npmjs.org/webpack not in flight; fetching
24 silly cache add parsed spec { raw: 'gulp-webpack',
24 silly cache add   scope: null,
24 silly cache add   name: 'gulp-webpack',
24 silly cache add   rawSpec: '',
24 silly cache add   spec: '*',
24 silly cache add   type: 'range' }
25 silly addNamed gulp-webpack@*
26 verbose addNamed "*" is a valid semver range for gulp-webpack
27 silly addNameRange { name: 'gulp-webpack', range: '*', hasData: false }
28 silly mapToRegistry name gulp-webpack
29 silly mapToRegistry using default registry
30 silly mapToRegistry registry https://registry.npmjs.org/
31 silly mapToRegistry uri https://registry.npmjs.org/gulp-webpack
32 verbose addNameRange registry:https://registry.npmjs.org/gulp-webpack not in flight; fetching
33 silly cache add parsed spec { raw: 'browsersync',
33 silly cache add   scope: null,
33 silly cache add   name: 'browsersync',
33 silly cache add   rawSpec: '',
33 silly cache add   spec: '*',
33 silly cache add   type: 'range' }
34 silly addNamed browsersync@*
35 verbose addNamed "*" is a valid semver range for browsersync
36 silly addNameRange { name: 'browsersync', range: '*', hasData: false }
37 silly mapToRegistry name browsersync
38 silly mapToRegistry using default registry
39 silly mapToRegistry registry https://registry.npmjs.org/
40 silly mapToRegistry uri https://registry.npmjs.org/browsersync
41 verbose addNameRange registry:https://registry.npmjs.org/browsersync not in flight; fetching
42 silly cache add parsed spec { raw: 'gulp',
42 silly cache add   scope: null,
42 silly cache add   name: 'gulp',
42 silly cache add   rawSpec: '',
42 silly cache add   spec: '*',
42 silly cache add   type: 'range' }
43 silly addNamed gulp@*
44 verbose addNamed "*" is a valid semver range for gulp
45 silly addNameRange { name: 'gulp', range: '*', hasData: false }
46 silly mapToRegistry name gulp
47 silly mapToRegistry using default registry
48 silly mapToRegistry registry https://registry.npmjs.org/
49 silly mapToRegistry uri https://registry.npmjs.org/gulp
50 verbose addNameRange registry:https://registry.npmjs.org/gulp not in flight; fetching
51 verbose request uri https://registry.npmjs.org/browsersync
52 verbose request no auth needed
53 info attempt registry request try #1 at 11:22:05
54 verbose request id c552d09ef3e5b04d
55 http request GET https://registry.npmjs.org/browsersync
56 verbose request uri https://registry.npmjs.org/gulp-webpack
57 verbose request no auth needed
58 info attempt registry request try #1 at 11:22:05
59 verbose etag "925N45MBLZ8M5ZBW1A7NMSE4E"
60 http request GET https://registry.npmjs.org/gulp-webpack
61 verbose request uri https://registry.npmjs.org/gulp
62 verbose request no auth needed
63 info attempt registry request try #1 at 11:22:05
64 verbose etag "4PI04X6ETYW6BCM5DXY15MQ5X"
65 http request GET https://registry.npmjs.org/gulp
66 verbose request uri https://registry.npmjs.org/webpack
67 verbose request no auth needed
68 info attempt registry request try #1 at 11:22:05
69 verbose etag "ENSX3N1DWZ9HG0X6DLOATT22R"
70 http request GET https://registry.npmjs.org/webpack
71 http 404 https://registry.npmjs.org/browsersync
72 verbose headers { server: 'CouchDB/1.5.0 (Erlang OTP/R16B03)',
72 verbose headers   'content-type': 'application/json',
72 verbose headers   'cache-control': 'max-age=0',
72 verbose headers   'content-length': '51',
72 verbose headers   'accept-ranges': 'bytes',
72 verbose headers   date: 'Wed, 01 Jul 2015 15:22:06 GMT',
72 verbose headers   via: '1.1 varnish',
72 verbose headers   age: '0',
72 verbose headers   connection: 'keep-alive',
72 verbose headers   'x-served-by': 'cache-iad2132-IAD',
72 verbose headers   'x-cache': 'MISS',
72 verbose headers   'x-cache-hits': '0',
72 verbose headers   'x-timer': 'S1435764125.996819,VS0,VE62' }
73 silly get cb [ 404,
73 silly get   { server: 'CouchDB/1.5.0 (Erlang OTP/R16B03)',
73 silly get     'content-type': 'application/json',
73 silly get     'cache-control': 'max-age=0',
73 silly get     'content-length': '51',
73 silly get     'accept-ranges': 'bytes',
73 silly get     date: 'Wed, 01 Jul 2015 15:22:06 GMT',
73 silly get     via: '1.1 varnish',
73 silly get     age: '0',
73 silly get     connection: 'keep-alive',
73 silly get     'x-served-by': 'cache-iad2132-IAD',
73 silly get     'x-cache': 'MISS',
73 silly get     'x-cache-hits': '0',
73 silly get     'x-timer': 'S1435764125.996819,VS0,VE62' } ]
74 http 200 https://registry.npmjs.org/gulp
75 silly get cb [ 200,
75 silly get   { server: 'CouchDB/1.5.0 (Erlang OTP/R16B03)',
75 silly get     etag: '"9HGXJFXLYZZ39ELDGQKWG3L55"',
75 silly get     'content-type': 'application/json',
75 silly get     'cache-control': 'max-age=60',
75 silly get     'content-length': '104477',
75 silly get     'accept-ranges': 'bytes',
75 silly get     date: 'Wed, 01 Jul 2015 15:22:06 GMT',
75 silly get     via: '1.1 varnish',
75 silly get     age: '13',
75 silly get     connection: 'keep-alive',
75 silly get     'x-served-by': 'cache-iad2125-IAD',
75 silly get     'x-cache': 'HIT',
75 silly get     'x-cache-hits': '1',
75 silly get     'x-timer': 'S1435764126.008658,VS0,VE0',
75 silly get     vary: 'Accept' } ]
76 verbose get saving gulp to /Users/dmp/.npm/registry.npmjs.org/gulp/.cache.json
77 silly addNameRange number 2 { name: 'gulp', range: '*', hasData: true }
78 silly addNameRange versions [ 'gulp',
78 silly addNameRange   [ '0.0.1',
78 silly addNameRange     '0.0.2',
78 silly addNameRange     '0.0.3',
78 silly addNameRange     '0.0.4',
78 silly addNameRange     '0.0.5',
78 silly addNameRange     '0.0.7',
78 silly addNameRange     '0.0.8',
78 silly addNameRange     '0.0.9',
78 silly addNameRange     '0.1.0',
78 silly addNameRange     '0.2.0',
78 silly addNameRange     '1.0.0',
78 silly addNameRange     '1.1.0',
78 silly addNameRange     '1.2.0',
78 silly addNameRange     '1.2.1',
78 silly addNameRange     '2.0.0',
78 silly addNameRange     '2.0.1',
78 silly addNameRange     '2.1.0',
78 silly addNameRange     '2.2.0',
78 silly addNameRange     '2.3.0',
78 silly addNameRange     '2.4.0',
78 silly addNameRange     '2.4.1',
78 silly addNameRange     '2.6.0',
78 silly addNameRange     '2.6.1',
78 silly addNameRange     '2.7.0',
78 silly addNameRange     '3.0.0',
78 silly addNameRange     '3.1.1',
78 silly addNameRange     '3.1.2',
78 silly addNameRange     '3.1.3',
78 silly addNameRange     '3.1.4',
78 silly addNameRange     '3.2.0',
78 silly addNameRange     '3.2.1',
78 silly addNameRange     '3.2.2',
78 silly addNameRange     '3.2.3',
78 silly addNameRange     '3.2.4',
78 silly addNameRange     '3.2.5',
78 silly addNameRange     '3.3.0',
78 silly addNameRange     '3.3.1',
78 silly addNameRange     '3.3.2',
78 silly addNameRange     '3.3.4',
78 silly addNameRange     '3.4.0',
78 silly addNameRange     '3.5.0',
78 silly addNameRange     '3.5.1',
78 silly addNameRange     '3.5.2',
78 silly addNameRange     '3.5.5',
78 silly addNameRange     '3.5.6',
78 silly addNameRange     '3.6.0',
78 silly addNameRange     '3.6.1',
78 silly addNameRange     '3.6.2',
78 silly addNameRange     '3.7.0',
78 silly addNameRange     '3.8.0',
78 silly addNameRange     '3.8.1',
78 silly addNameRange     '3.8.2',
78 silly addNameRange     '3.8.3',
78 silly addNameRange     '3.8.4',
78 silly addNameRange     '3.8.5',
78 silly addNameRange     '3.8.6',
78 silly addNameRange     '3.8.7',
78 silly addNameRange     '3.8.8',
78 silly addNameRange     '3.8.9',
78 silly addNameRange     '3.8.10',
78 silly addNameRange     '3.8.11',
78 silly addNameRange     '3.9.0' ] ]
79 silly addNamed gulp@3.9.0
80 verbose addNamed "3.9.0" is a plain semver version for gulp
81 http 200 https://registry.npmjs.org/gulp-webpack
82 silly get cb [ 200,
82 silly get   { server: 'CouchDB/1.5.0 (Erlang OTP/R16B03)',
82 silly get     etag: '"5ZHITL8ZUATC2Q8L05BTDLOC8"',
82 silly get     'content-type': 'application/json',
82 silly get     'cache-control': 'max-age=60',
82 silly get     'content-length': '27606',
82 silly get     'accept-ranges': 'bytes',
82 silly get     date: 'Wed, 01 Jul 2015 15:22:06 GMT',
82 silly get     via: '1.1 varnish',
82 silly get     age: '0',
82 silly get     connection: 'keep-alive',
82 silly get     'x-served-by': 'cache-iad2133-IAD',
82 silly get     'x-cache': 'HIT',
82 silly get     'x-cache-hits': '1',
82 silly get     'x-timer': 'S1435764125.996714,VS0,VE92',
82 silly get     vary: 'Accept' } ]
83 verbose get saving gulp-webpack to /Users/dmp/.npm/registry.npmjs.org/gulp-webpack/.cache.json
84 silly cache afterAdd gulp@3.9.0
85 verbose afterAdd /Users/dmp/.npm/gulp/3.9.0/package/package.json not in flight; writing
86 verbose afterAdd /Users/dmp/.npm/gulp/3.9.0/package/package.json written
87 silly addNameRange number 2 { name: 'gulp-webpack', range: '*', hasData: true }
88 silly addNameRange versions [ 'gulp-webpack',
88 silly addNameRange   [ '0.0.1',
88 silly addNameRange     '0.1.0',
88 silly addNameRange     '0.2.0',
88 silly addNameRange     '0.3.0',
88 silly addNameRange     '0.4.0',
88 silly addNameRange     '0.4.1',
88 silly addNameRange     '1.0.0',
88 silly addNameRange     '1.1.0',
88 silly addNameRange     '1.1.1',
88 silly addNameRange     '1.1.2',
88 silly addNameRange     '1.2.0',
88 silly addNameRange     '1.3.0',
88 silly addNameRange     '1.3.1',
88 silly addNameRange     '1.3.2',
88 silly addNameRange     '1.4.0',
88 silly addNameRange     '1.5.0' ] ]
89 silly addNamed gulp-webpack@1.5.0
90 verbose addNamed "1.5.0" is a plain semver version for gulp-webpack
91 warn deprecated gulp-webpack@1.5.0: Renamed to https://www.npmjs.com/package/webpack-stream
92 silly cache afterAdd gulp-webpack@1.5.0
93 verbose afterAdd /Users/dmp/.npm/gulp-webpack/1.5.0/package/package.json not in flight; writing
94 verbose afterAdd /Users/dmp/.npm/gulp-webpack/1.5.0/package/package.json written
95 http 200 https://registry.npmjs.org/webpack
96 silly get cb [ 200,
96 silly get   { server: 'CouchDB/1.5.0 (Erlang OTP/R16B03)',
96 silly get     etag: '"DSWEMLJ5M3E4T06GVFEB7CY87"',
96 silly get     'content-type': 'application/json',
96 silly get     'cache-control': 'max-age=60',
96 silly get     'content-length': '666469',
96 silly get     'accept-ranges': 'bytes',
96 silly get     date: 'Wed, 01 Jul 2015 15:22:06 GMT',
96 silly get     via: '1.1 varnish',
96 silly get     age: '0',
96 silly get     connection: 'keep-alive',
96 silly get     'x-served-by': 'cache-iad2127-IAD',
96 silly get     'x-cache': 'HIT',
96 silly get     'x-cache-hits': '1',
96 silly get     'x-timer': 'S1435764126.016683,VS0,VE16',
96 silly get     vary: 'Accept' } ]
97 verbose get saving webpack to /Users/dmp/.npm/registry.npmjs.org/webpack/.cache.json
98 silly addNameRange number 2 { name: 'webpack', range: '*', hasData: true }
99 silly addNameRange versions [ 'webpack',
99 silly addNameRange   [ '0.1.0',
99 silly addNameRange     '0.1.1',
99 silly addNameRange     '0.1.2',
99 silly addNameRange     '0.1.3',
99 silly addNameRange     '0.1.4',
99 silly addNameRange     '0.1.5',
99 silly addNameRange     '0.1.6',
99 silly addNameRange     '0.2.0',
99 silly addNameRange     '0.2.1',
99 silly addNameRange     '0.2.2',
99 silly addNameRange     '0.2.3',
99 silly addNameRange     '0.2.4',
99 silly addNameRange     '0.2.6',
99 silly addNameRange     '0.2.7',
99 silly addNameRange     '0.2.8',
99 silly addNameRange     '0.3.0',
99 silly addNameRange     '0.3.1',
99 silly addNameRange     '0.3.2',
99 silly addNameRange     '0.3.3',
99 silly addNameRange     '0.3.4',
99 silly addNameRange     '0.3.6',
99 silly addNameRange     '0.3.7',
99 silly addNameRange     '0.3.8',
99 silly addNameRange     '0.3.9',
99 silly addNameRange     '0.3.10',
99 silly addNameRange     '0.3.11',
99 silly addNameRange     '0.3.12',
99 silly addNameRange     '0.3.13',
99 silly addNameRange     '0.3.14',
99 silly addNameRange     '0.3.15',
99 silly addNameRange     '0.3.16',
99 silly addNameRange     '0.3.17',
99 silly addNameRange     '0.3.18',
99 silly addNameRange     '0.3.19',
99 silly addNameRange     '0.3.20',
99 silly addNameRange     '0.4.0',
99 silly addNameRange     '0.4.1',
99 silly addNameRange     '0.4.2',
99 silly addNameRange     '0.4.3',
99 silly addNameRange     '0.4.4',
99 silly addNameRange     '0.4.5',
99 silly addNameRange     '0.4.6',
99 silly addNameRange     '0.4.7',
99 silly addNameRange     '0.4.8',
99 silly addNameRange     '0.4.9',
99 silly addNameRange     '0.4.10',
99 silly addNameRange     '0.4.11',
99 silly addNameRange     '0.4.12',
99 silly addNameRange     '0.4.13',
99 silly addNameRange     '0.4.14',
99 silly addNameRange     '0.4.15',
99 silly addNameRange     '0.4.16',
99 silly addNameRange     '0.4.17',
99 silly addNameRange     '0.4.18',
99 silly addNameRange     '0.4.19',
99 silly addNameRange     '0.4.20',
99 silly addNameRange     '0.4.21',
99 silly addNameRange     '0.4.23',
99 silly addNameRange     '0.4.24',
99 silly addNameRange     '0.4.25',
99 silly addNameRange     '0.5.0',
99 silly addNameRange     '0.5.1',
99 silly addNameRange     '0.5.2',
99 silly addNameRange     '0.5.3',
99 silly addNameRange     '0.5.4',
99 silly addNameRange     '0.5.5',
99 silly addNameRange     '0.5.6',
99 silly addNameRange     '0.5.7',
99 silly addNameRange     '0.5.8',
99 silly addNameRange     '0.5.10',
99 silly addNameRange     '0.6.0',
99 silly addNameRange     '0.6.1',
99 silly addNameRange     '0.6.2',
99 silly addNameRange     '0.7.0-beta',
99 silly addNameRange     '0.7.0-beta2',
99 silly addNameRange     '0.7.0-beta3',
99 silly addNameRange     '0.7.0-beta4',
99 silly addNameRange     '0.7.0-beta5',
99 silly addNameRange     '0.7.0-beta6',
99 silly addNameRange     '0.7.0-beta7',
99 silly addNameRange     '0.7.0-beta8',
99 silly addNameRange     '0.7.0',
99 silly addNameRange     '0.7.1',
99 silly addNameRange     '0.7.2',
99 silly addNameRange     '0.7.3',
99 silly addNameRange     '0.7.4',
99 silly addNameRange     '0.7.5',
99 silly addNameRange     '0.7.6',
99 silly addNameRange     '0.7.7',
99 silly addNameRange     '0.7.8',
99 silly addNameRange     '0.7.9',
99 silly addNameRange     '0.7.11',
99 silly addNameRange     '0.7.12',
99 silly addNameRange     '0.7.13',
99 silly addNameRange     '0.7.14',
99 silly addNameRange     '0.7.15',
99 silly addNameRange     '0.7.16',
99 silly addNameRange     '0.7.17',
99 silly addNameRange     '0.8.0-beta1',
99 silly addNameRange     '0.8.0-beta2',
99 silly addNameRange     '0.8.0-beta3',
99 silly addNameRange     '0.8.0-beta4',
99 silly addNameRange     '0.8.0',
99 silly addNameRange     '0.8.2',
99 silly addNameRange     '0.8.3',
99 silly addNameRange     '0.9.0-beta1',
99 silly addNameRange     '0.9.0-beta2',
99 silly addNameRange     '0.9.0-beta4',
99 silly addNameRange     '0.9.0-beta5',
99 silly addNameRange     '0.9.0-beta6',
99 silly addNameRange     '0.9.0-beta7',
99 silly addNameRange     '0.9.0-beta8',
99 silly addNameRange     '0.9.0-beta9',
99 silly addNameRange     '0.9.0-beta10',
99 silly addNameRange     '0.9.0-beta11',
99 silly addNameRange     '0.9.0-beta12',
99 silly addNameRange     '0.9.0-beta13',
99 silly addNameRange     '0.9.0-beta14',
99 silly addNameRange     '0.9.0-beta15',
99 silly addNameRange     '0.9.0-beta16',
99 silly addNameRange     '0.9.0-beta17',
99 silly addNameRange     '0.9.0-beta18',
99 silly addNameRange     '0.9.0-beta19',
99 silly addNameRange     '0.9.0-beta20',
99 silly addNameRange     '0.9.0-beta21',
99 silly addNameRange     '0.9.0-beta22',
99 silly addNameRange     '0.9.0-beta23',
99 silly addNameRange     '0.9.0-beta24',
99 silly addNameRange     '0.9.0-beta25',
99 silly addNameRange     '0.9.0-beta26',
99 silly addNameRange     '0.9.0-beta27',
99 silly addNameRange     '0.9.0-beta28',
99 silly addNameRange     '0.9.0-beta29',
99 silly addNameRange     '0.9.0-beta30',
99 silly addNameRange     '0.9.0-beta31',
99 silly addNameRange     '0.9.0-beta32',
99 silly addNameRange     '0.9.0-beta33',
99 silly addNameRange     '0.9.0-beta34',
99 silly addNameRange     '0.9.0-beta35',
99 silly addNameRange     '0.9.0-beta36',
99 silly addNameRange     '0.9.0-beta37',
99 silly addNameRange     '0.9.0-beta38',
99 silly addNameRange     '0.9.0',
99 silly addNameRange     '0.9.1',
99 silly addNameRange     '0.9.2',
99 silly addNameRange     '0.9.3',
99 silly addNameRange     '0.10.0-beta2',
99 silly addNameRange     '0.10.0-beta3',
99 silly addNameRange     '0.10.0-beta5',
99 silly addNameRange     '0.10.0-beta6',
99 silly addNameRange     '0.10.0-beta7',
99 silly addNameRange     '0.10.0-beta8',
99 silly addNameRange     '0.10.0-beta9',
99 silly addNameRange     '0.10.0-beta10',
99 silly addNameRange     '0.10.0-beta11',
99 silly addNameRange     '0.10.0-beta12',
99 silly addNameRange     '0.10.0-beta13',
99 silly addNameRange     '0.10.0-beta14',
99 silly addNameRange     '0.10.0-beta15',
99 silly addNameRange     '0.10.0-beta16',
99 silly addNameRange     '0.10.0-beta17',
99 silly addNameRange     '0.10.0-beta18',
99 silly addNameRange     '0.10.0-beta19',
99 silly addNameRange     '0.10.0-beta20',
99 silly addNameRange     '0.10.0-beta21',
99 silly addNameRange     '0.10.0-beta22',
99 silly addNameRange     '0.10.0-beta23',
99 silly addNameRange     '0.10.0-beta24',
99 silly addNameRange     '0.10.0-beta25',
99 silly addNameRange     '0.10.0',
99 silly addNameRange     '0.11.0-beta1',
99 silly addNameRange     '0.11.0-beta2',
99 silly addNameRange     '0.11.0-beta3',
99 silly addNameRange     '0.11.0-beta4',
99 silly addNameRange     '0.11.0-beta5',
99 silly addNameRange     '0.11.0-beta6',
99 silly addNameRange     '0.11.0-beta7',
99 silly addNameRange     '0.11.0-beta8',
99 silly addNameRange     '0.11.0-beta9',
99 silly addNameRange     '0.11.0-beta10',
99 silly addNameRange     '0.11.0-beta11',
99 silly addNameRange     '0.11.0-beta12',
99 silly addNameRange     '0.11.0-beta13',
99 silly addNameRange     '0.11.0-beta14',
99 silly addNameRange     '0.11.0-beta15',
99 silly addNameRange     '0.11.0-beta16',
99 silly addNameRange     '0.11.0-beta17',
99 silly addNameRange     '0.11.0-beta18',
99 silly addNameRange     '0.11.0-beta19',
99 silly addNameRange     '0.11.0-beta20',
99 silly addNameRange     '0.11.0-beta21',
99 silly addNameRange     '0.11.0-beta22',
99 silly addNameRange     '0.11.0-beta23',
99 silly addNameRange     '0.11.0-beta24',
99 silly addNameRange     '0.11.0-beta25',
99 silly addNameRange     '0.11.0-beta26',
99 silly addNameRange     '0.11.0-beta27',
99 silly addNameRange     '0.11.0-beta28',
99 silly addNameRange     '0.11.0-beta29',
99 silly addNameRange     '0.11.0',
99 silly addNameRange     '0.11.1',
99 silly addNameRange     '0.11.2',
99 silly addNameRange     '0.11.3',
99 silly addNameRange     '0.11.4',
99 silly addNameRange     '0.11.5',
99 silly addNameRange     '0.11.6',
99 silly addNameRange     '0.11.7',
99 silly addNameRange     '0.11.8',
99 silly addNameRange     '0.11.9',
99 silly addNameRange     '0.11.10',
99 silly addNameRange     '0.11.11',
99 silly addNameRange     '0.11.12',
99 silly addNameRange     '0.11.13',
99 silly addNameRange     '0.11.14',
99 silly addNameRange     '0.11.15',
99 silly addNameRange     '1.0.0-beta1',
99 silly addNameRange     '1.0.0-beta2',
99 silly addNameRange     '1.0.0-beta3',
99 silly addNameRange     '1.0.0-beta4',
99 silly addNameRange     '0.11.16',
99 silly addNameRange     '0.11.17',
99 silly addNameRange     '0.11.18',
99 silly addNameRange     '1.0.0-beta5',
99 silly addNameRange     '1.0.0-beta6',
99 silly addNameRange     '1.0.0-beta7',
99 silly addNameRange     '1.0.0-beta8',
99 silly addNameRange     '1.0.0-beta9',
99 silly addNameRange     '1.0.0-rc1',
99 silly addNameRange     '1.0.0-rc2',
99 silly addNameRange     '1.0.0-rc3',
99 silly addNameRange     '1.0.0-rc4',
99 silly addNameRange     '1.0.0-rc5',
99 silly addNameRange     '1.0.0-rc7',
99 silly addNameRange     '1.0.0-rc8',
99 silly addNameRange     '1.0.0-rc9',
99 silly addNameRange     '1.0.0-rc11',
99 silly addNameRange     '1.0.0-rc12',
99 silly addNameRange     '1.0.0',
99 silly addNameRange     '1.0.1',
99 silly addNameRange     '1.0.3',
99 silly addNameRange     '1.0.4',
99 silly addNameRange     '1.0.5',
99 silly addNameRange     '1.1.0-beta1',
99 silly addNameRange     '1.1.0-beta2',
99 silly addNameRange     '1.1.0-beta3',
99 silly addNameRange     '1.1.0-beta4',
99 silly addNameRange     '1.1.0-beta5',
99 silly addNameRange     '1.1.0-beta6',
99 silly addNameRange     '1.1.0-beta7',
99 silly addNameRange     '1.1.0-beta8',
99 silly addNameRange     '1.1.0-beta9',
99 silly addNameRange     '1.1.0-beta10',
99 silly addNameRange     '1.1.0-beta12',
99 silly addNameRange     '1.1.0',
99 silly addNameRange     '1.1.1',
99 silly addNameRange     '1.1.2',
99 silly addNameRange     '1.1.3',
99 silly addNameRange     '1.1.4',
99 silly addNameRange     '1.1.5',
99 silly addNameRange     '1.1.6',
99 silly addNameRange     '1.1.7',
99 silly addNameRange     '1.1.8',
99 silly addNameRange     '1.1.9',
99 silly addNameRange     '1.1.10',
99 silly addNameRange     '1.1.11',
99 silly addNameRange     '1.2.0-beta1',
99 silly addNameRange     '1.2.0-beta2',
99 silly addNameRange     '1.2.0-beta4',
99 silly addNameRange     '1.2.0-beta5',
99 silly addNameRange     '1.2.0-beta6',
99 silly addNameRange     '1.3.0-beta1',
99 silly addNameRange     '1.3.0-beta2',
99 silly addNameRange     '1.3.0-beta3',
99 silly addNameRange     '1.3.0-beta4',
99 silly addNameRange     '1.3.0-beta5',
99 silly addNameRange     '1.3.0-beta6',
99 silly addNameRange     '1.3.0-beta7',
99 silly addNameRange     '1.3.0-beta8',
99 silly addNameRange     '1.3.0-beta9',
99 silly addNameRange     '1.3.1-beta1',
99 silly addNameRange     '1.3.1-beta2',
99 silly addNameRange     '1.3.1-beta3',
99 silly addNameRange     '1.3.1-beta4',
99 silly addNameRange     '1.3.1-beta5',
99 silly addNameRange     '1.3.1-beta6',
99 silly addNameRange     '1.3.1-beta7',
99 silly addNameRange     '1.3.1-beta8',
99 silly addNameRange     '1.3.1-beta9',
99 silly addNameRange     '1.3.2-beta1',
99 silly addNameRange     '1.3.2-beta2',
99 silly addNameRange     '1.3.2-beta3',
99 silly addNameRange     '1.3.2-beta4',
99 silly addNameRange     '1.3.2-beta5',
99 silly addNameRange     '1.3.2-beta6',
99 silly addNameRange     '1.3.2-beta7',
99 silly addNameRange     '1.3.2-beta8',
99 silly addNameRange     '1.3.2-beta9',
99 silly addNameRange     '1.3.3-beta1',
99 silly addNameRange     '1.3.3-beta2',
99 silly addNameRange     '1.3.4',
99 silly addNameRange     '1.3.5',
99 silly addNameRange     '1.3.6',
99 silly addNameRange     '1.3.7',
99 silly addNameRange     '1.4.0-beta1',
99 silly addNameRange     '1.4.0-beta2',
99 silly addNameRange     '1.4.0-beta3',
99 silly addNameRange     '1.4.0-beta4',
99 silly addNameRange     '1.4.0-beta5',
99 silly addNameRange     '1.4.0-beta6',
99 silly addNameRange     '1.4.0-beta7',
99 silly addNameRange     '1.4.0-beta8',
99 silly addNameRange     '1.4.0-beta9',
99 silly addNameRange     '1.4.0-beta10',
99 silly addNameRange     '1.4.1-beta1',
99 silly addNameRange     '1.4.2',
99 silly addNameRange     '1.4.3',
99 silly addNameRange     '1.4.4',
99 silly addNameRange     '1.4.5',
99 silly addNameRange     '1.4.6',
99 silly addNameRange     '1.4.7',
99 silly addNameRange     '1.4.8',
99 silly addNameRange     '1.4.9',
99 silly addNameRange     '1.4.10',
99 silly addNameRange     '1.4.11',
99 silly addNameRange     '1.4.12',
99 silly addNameRange     '1.4.13',
99 silly addNameRange     '1.4.14',
99 silly addNameRange     '1.4.15',
99 silly addNameRange     '1.5.0',
99 silly addNameRange     '1.5.1',
99 silly addNameRange     '1.5.2',
99 silly addNameRange     '1.5.3',
99 silly addNameRange     '1.6.0',
99 silly addNameRange     '1.7.0',
99 silly addNameRange     '1.7.1',
99 silly addNameRange     '1.7.2',
99 silly addNameRange     '1.7.3',
99 silly addNameRange     '1.8.0',
99 silly addNameRange     '1.8.1',
99 silly addNameRange     '1.8.2',
99 silly addNameRange     '1.8.3',
99 silly addNameRange     '1.8.4',
99 silly addNameRange     '1.8.5',
99 silly addNameRange     '1.8.6',
99 silly addNameRange     '1.8.7',
99 silly addNameRange     '1.8.8',
99 silly addNameRange     '1.8.9',
99 silly addNameRange     '1.8.10',
99 silly addNameRange     '1.8.11',
99 silly addNameRange     '1.9.0',
99 silly addNameRange     '1.9.1',
99 silly addNameRange     '1.9.2',
99 silly addNameRange     '1.9.3',
99 silly addNameRange     '1.9.4',
99 silly addNameRange     '1.9.5',
99 silly addNameRange     '1.9.6',
99 silly addNameRange     '1.9.7',
99 silly addNameRange     '1.9.8',
99 silly addNameRange     '1.9.9',
99 silly addNameRange     '1.9.10',
99 silly addNameRange     '1.9.11',
99 silly addNameRange     '1.9.12',
99 silly addNameRange     '1.9.13',
99 silly addNameRange     '1.10.0' ] ]
100 silly addNamed webpack@1.10.0
101 verbose addNamed "1.10.0" is a plain semver version for webpack
102 silly cache afterAdd webpack@1.10.0
103 verbose afterAdd /Users/dmp/.npm/webpack/1.10.0/package/package.json not in flight; writing
104 verbose afterAdd /Users/dmp/.npm/webpack/1.10.0/package/package.json written
105 verbose stack Error: 404 Not Found: browsersync
105 verbose stack     at CachingRegistryClient.<anonymous> (/usr/local/lib/node_modules/npm/node_modules/npm-registry-client/lib/request.js:245:14)
105 verbose stack     at Request._callback (/usr/local/lib/node_modules/npm/node_modules/npm-registry-client/lib/request.js:170:14)
105 verbose stack     at Request.self.callback (/usr/local/lib/node_modules/npm/node_modules/request/request.js:197:22)
105 verbose stack     at Request.emit (events.js:110:17)
105 verbose stack     at Request.<anonymous> (/usr/local/lib/node_modules/npm/node_modules/request/request.js:1050:14)
105 verbose stack     at Request.emit (events.js:129:20)
105 verbose stack     at IncomingMessage.<anonymous> (/usr/local/lib/node_modules/npm/node_modules/request/request.js:996:12)
105 verbose stack     at IncomingMessage.emit (events.js:129:20)
105 verbose stack     at _stream_readable.js:908:16
105 verbose stack     at process._tickCallback (node.js:355:11)
106 verbose statusCode 404
107 verbose pkgid browsersync
108 verbose cwd /Users/dmp/.dotfiles
109 error Darwin 14.3.0
110 error argv "node" "/usr/local/bin/npm" "install" "-g" "gulp" "webpack" "gulp-webpack" "browsersync"
111 error node v0.12.5
112 error npm  v2.12.0
113 error code E404
114 error 404 Not Found: browsersync
114 error 404
114 error 404 'browsersync' is not in the npm registry.
114 error 404 You should bug the author to publish it (or use the name yourself!)
114 error 404
114 error 404 Note that you can also install from a
114 error 404 tarball, folder, http url, or git url.
115 verbose exit [ 1, true ]
